Running BiocCheck...
── Installing TSENAT ───────────────────────────────────────────────────────────
✔ Package installed successfully
── TSENAT session metadata ─────────────────────────────────────────────────────
→ sourceDir: /home/nouser/galaxy/tools_source/TSENAT
→ BiocVersion: 3.22
→ Package: TSENAT
→ PackageVersion: 1.0.0
→ BiocCheckDir: /home/nouser/galaxy/tools_source/TSENAT/TSENAT.BiocCheck
→ BiocCheckVersion: 1.46.3
→ sourceDir: /home/nouser/galaxy/tools_source/TSENAT
→ installDir: /tmp/RtmpM0rmne/file542412bd822e0
→ isTarBall: FALSE
→ platform: unix
── Running BiocCheck on TSENAT ─────────────────────────────────────────────────
* Checking for deprecated package usage...
* Checking for remote package usage...
* Checking for 'LazyData: true' usage...
* Checking version number...
* Checking version number validity...
* Checking R version dependency...
* Checking package size...
ℹ Skipped... only checked on source tarball
* Checking individual file sizes...
* Checking biocViews...
* Checking that biocViews are present...
* Checking package type based on biocViews...
→ Software
* Checking for non-trivial biocViews...
* Checking that biocViews come from the same category...
* Checking biocViews validity...
* Checking for recommended biocViews...
* Checking build system compatibility...
* Checking for proper Description: field...
* Checking if DESCRIPTION is well formatted...
* Checking for whitespace in DESCRIPTION field names...
* Checking that Package field matches directory/tarball name...
* Checking for Version: field...
* Checking for valid maintainer...
* Checking License: for restrictive use...
* Checking for recommended DESCRIPTION fields...
* Checking for Bioconductor software dependencies...
ℹ Bioconductor dependencies found in Imports & Depends (20%).
* Checking for pinned package versions in DESCRIPTION...
* Checking for 'fnd' role in Authors@R...
ℹ NOTE: No 'fnd' role found in Authors@R. If the work is supported by a grant,
consider adding the 'fnd' role to the list of authors.
* Checking NAMESPACE...
* Checking .Rbuildignore...
* Checking for stray BiocCheck output folders...
✖ ERROR: Remove 'TSENAT.BiocCheck' from the package directory
* Checking for inst/doc folders...
✖ ERROR: Remove 'inst/doc' folder from the package source
* Checking vignette directory...
ℹ NOTE: Potential intermediate files found:
• vignettes/tsenat.html
* Checking package installation calls in R code...
* Checking for library/require of TSENAT...
* Checking coding practice...
* Checking parsed R code in R directory, examples, vignettes...
* Checking function lengths...
ℹ NOTE: The recommended function length is 50 lines or less. There are 14
functions greater than 50 lines.
The longest 5 functions are:
• plot_top_transcripts() (R/generate_plots.R): 295 lines
• ...
• calculate_method() (R/calculate_method.R): 136 lines
* Checking man page documentation...
* Checking package NEWS...
* Checking unit tests...
* Checking skip_on_bioc() in tests...
* Checking formatting of DESCRIPTION, NAMESPACE, man pages, R source, and
vignette source...
ℹ NOTE: Consider shorter lines; 40 lines (1%) are > 80 characters long.
First few lines:
• R/calculate_difference.R#L69 stop("'samples' must be ...
• ...
• vignettes/TSENAT.Rmd#L39 dominant isoforms by varying `q`, produc ...
ℹ NOTE: Consider multiples of 4 spaces for line indents; 1 lines (0%) are not.
First few lines:
• vignettes/TSENAT.Rmd#L208 ...
ℹ See https://contributions.bioconductor.org/r-code.html
ℹ See styler package: https://cran.r-project.org/package=styler as described in
the BiocCheck vignette.
* Checking if package already exists in CRAN...
'getOption("repos")' replaces Bioconductor standard repositories, see
'help("repositories", package = "BiocManager")' for details.
Replacement repositories:
    CRAN: https://cloud.r-project.org
* Checking for bioc-devel mailing list subscription...
ℹ NOTE: Cannot determine whether maintainer is subscribed to the Bioc-Devel
mailing list (requires admin credentials). Subscribe here:
https://stat.ethz.ch/mailman/listinfo/bioc-devel
* Checking for support site registration...
✖ ERROR: Unable to find your email in the Support Site: HTTP 404 Not Found.
── BiocCheck v1.46.3 results ───────────────────────────────────────────────────
✖ 3 ERRORS | ⚠ 0 WARNINGS | ℹ 6 NOTES
ℹ See the TSENAT.BiocCheck folder and run
  browseVignettes(package = 'BiocCheck')
  for details.
BiocCheck finished.
Warning: stack imbalance in '{', 12 then 14
