Styling  25  files:
 R/calculate_difference.R                          ✔ 
 R/calculate_diversity.R                           ✔ 
 R/calculate_method.R                              ✔ 
 R/difference_functions.R                          ✔ 
 R/diversity_functions.R                           ✔ 
 R/generate_plots.R                                ✔ 
 R/globals.R                                       ✔ 
 R/map_functions.R                                 ✔ 
 R/tcga_brca_luma_dataset.R                        ✔ 
 tests/run_tsallis_diff.R                          ✔ 
 tests/testthat.R                                  ✔ 
 tests/testthat/test-calculate_difference.R        ✔ 
 tests/testthat/test-calculate_diversity_tsallis.R ✔ 
 tests/testthat/test-calculate_diversity.R         ✔ 
 tests/testthat/test-calculate_lm_interaction.R    ✔ 
 tests/testthat/test-calculate_method.R            ✔ 
 tests/testthat/test-difference_functions.R        ✔ 
 tests/testthat/test-diversity_functions.R         ✔ 
 tests/testthat/test-generate_plots.R              ✔ 
 tests/testthat/test-infer_sample_groups.R         ✔ 
 tests/testthat/test-plot_tsallis_q_curve.R        ✔ 
 tests/testthat/test-plot_volcano.R                ✔ 
 tests/testthat/test-wilcoxon-paired.R             ✔ 
 data-raw/tcga_brca_luma_dataset.R                 ℹ 
 vignettes/TSENAT.Rmd                              ℹ 
─────────────────────────────────────────────────
Status	Count	Legend 
✔ 	23	File unchanged.
ℹ 	2	File changed.
✖ 	0	Styling threw an error.
─────────────────────────────────────────────────
Please review the changes carefully!
Styler reformatted files; please run `Rscript scripts/check_style.R` and commit the changes before merging.
diff --git a/scripts/check_style.R b/scripts/check_style.R
index d5ef6d1..efbdb1c 100644
--- a/scripts/check_style.R
+++ b/scripts/check_style.R
@@ -1,8 +1,11 @@
 # Check that code is styled. If styling would change files, exit with failure.
+# Ensure `styler` is available
 if (!requireNamespace("styler", quietly = TRUE)) install.packages("styler", repos = "https://cloud.r-project.org")
-# Run styler to format in-place (allow roxygen examples; requires roxygen2 to be
-# installed)
-styler::style_pkg()
+# Load styler so internal helpers are registered
+library(styler)
+# Run styler with 4-space indentation to format in-place
+## Pass a function wrapper so `style_pkg` can call it to create the style guide
+styler::style_pkg(style = function(...) styler::tidyverse_style(..., indent_by = 4))
 # If git is available, fail if there are unstaged/uncommitted changes introduced
 # by styler
 res <- system("git status --porcelain", intern = TRUE)
diff --git a/vignettes/TSENAT.Rmd b/vignettes/TSENAT.Rmd
index 2b09d15..66b314b 100644
--- a/vignettes/TSENAT.Rmd
+++ b/vignettes/TSENAT.Rmd
@@ -202,8 +202,8 @@ plotting and modeling.
 ```{r inspect-coldata}
 # Quick checks on mapped sample metadata
 cd <- SummarizedExperiment::colData(ts_se)
-colnames(cd)                    # list available metadata columns
-head(cd)                        # preview metadata for first samples
+colnames(cd) # list available metadata columns
+head(cd) # preview metadata for first samples
 ```
  
 ## Differential analysis
